<?xml version="1.0" encoding="UTF-8"?>
<!-- Generated by org.testng.reporters.JUnitReportReporter -->
<testsuite hostname="LAPTOP-S9EISBK3" failures="0" tests="1" name="CSK.OpenCart.MainTest" time="33.556" errors="0" timestamp="2023-02-07T18:09:26 IST" skipped="0">
  <testcase classname="CSK.OpenCart.MainTest" name="Test" time="33.556"/>
  <system-out/>
</testsuite> <!-- CSK.OpenCart.MainTest -->
