<?xml version="1.0" encoding="UTF-8"?>
<!-- Generated by org.testng.reporters.JUnitReportReporter -->
<testsuite hostname="chandrasekhar" failures="0" tests="1" name="CSK.OpenCart.MainTest" time="35.825" errors="0" timestamp="2023-02-02T17:51:54 IST" skipped="0">
  <testcase classname="CSK.OpenCart.MainTest" name="Test" time="35.825"/>
  <system-out/>
</testsuite> <!-- CSK.OpenCart.MainTest -->
